#
# A fatal error has been detected by the Java Runtime Environment:
#
#  EXCEPTION_ACCESS_VIOLATION (0xc0000005) at pc=0x00007fffaa3c6696, pid=15672, tid=29340
#
# JRE version: Java(TM) SE Runtime Environment (21.0.5+9) (build 21.0.5+9-LTS-239)
# Java VM: Java HotSpot(TM) 64-Bit Server VM (21.0.5+9-LTS-239, mixed mode, sharing, tiered, compressed oops, compressed class ptrs, g1 gc, windows-amd64)
# Problematic frame:
# C  [jniortools.dll+0x676696]
#
# No core dump will be written. Minidumps are not enabled by default on client versions of Windows
#
# If you would like to submit a bug report, please visit:
#   https://bugreport.java.com/bugreport/crash.jsp
# The crash happened outside the Java Virtual Machine in native code.
# See problematic frame for where to report the bug.
#

---------------  S U M M A R Y ------------

Command Line: -Dfile.encoding=UTF-8 -Duser.country=CN -Duser.language=zh -Duser.variant p4_group_8_repo.Main

Host: 13th Gen Intel(R) Core(TM) i9-13980HX, 32 cores, 31G,  Windows 11 , 64 bit Build 22621 (10.0.22621.2506)
Time: Wed Jan 29 14:08:16 2025 GMT dows 11 , 64 bit Build 22621 (10.0.22621.2506) elapsed time: 0.675543 seconds (0d 0h 0m 0s)

---------------  T H R E A D  ---------------

Current thread (0x000001fdc1ea9550):  JavaThread "main"             [_thread_in_native, id=29340, stack(0x000000538fb00000,0x000000538fc00000) (1024K)]

Stack: [0x000000538fb00000,0x000000538fc00000],  sp=0x000000538fbff110,  free space=1020k
Native frames: (J=compiled Java code, j=interpreted, Vv=VM code, C=native code)
C  [jniortools.dll+0x676696]

Java frames: (J=compiled Java code, j=interpreted, Vv=VM code)
j  com.google.ortools.constraintsolver.mainJNI.new_RoutingIndexManager__SWIG_0(III)J+0
j  com.google.ortools.constraintsolver.RoutingIndexManager.<init>(III)V+4
j  p4_group_8_repo.controller.Route.solveRoutingProblem(Ljava/lang/String;)V+16
j  p4_group_8_repo.Main.main([Ljava/lang/String;)V+46
v  ~StubRoutines::call_stub 0x000001fdd174100d

siginfo: EXCEPTION_ACCESS_VIOLATION (0xc0000005), reading address 0x0000000000000000


Registers:
RAX=0x0000000000000000, RBX=0x0000000000000000, RCX=0x0000000000000000, RDX=0x000000538fbff210
RSP=0x000000538fbff110, RBP=0x000000538fbff210, RSI=0x0000000000000000, RDI=0x0000000000000058
R8 =0x000000538fbff138, R9 =0x0000000000000001, R10=0x00007ff82fe30000, R11=0x0000000000000001
R12=0x0000000000000000, R13=0x000001fde8605590, R14=0x0000000000000000, R15=0x0000000000000000
RIP=0x00007fffaa3c6696, EFLAGS=0x0000000000010246


Register to memory mapping:

RAX=0x0 is null
RBX=0x0 is null
RCX=0x0 is null
RDX=0x000000538fbff210 is pointing into the stack for thread: 0x000001fdc1ea9550
RSP=0x000000538fbff110 is pointing into the stack for thread: 0x000001fdc1ea9550
RBP=0x000000538fbff210 is pointing into the stack for thread: 0x000001fdc1ea9550
RSI=0x0 is null
RDI=0x0000000000000058 is an unknown value
R8 =0x000000538fbff138 is pointing into the stack for thread: 0x000001fdc1ea9550
R9 =0x0000000000000001 is an unknown value
R10=0x00007ff82fe30000 VCRUNTIME140.dll
R11=0x0000000000000001 is an unknown value
R12=0x0 is null
R13=0x000001fde8605590 points into unknown readable memory: 0x000001fde83e6010 | 10 60 3e e8 fd 01 00 00
R14=0x0 is null
R15=0x0 is null

Top of Stack: (sp=0x000000538fbff110)
0x000000538fbff110:   0000000000000000 000000538fbff210
0x000000538fbff120:   0000000000000058 000001fde865a790
0x000000538fbff130:   0000000000000000 000001fd00000000
0x000000538fbff140:   0000000000000058 00007fffad2bc1bc
0x000000538fbff150:   00007fffadcca418 000000538fbff200
0x000000538fbff160:   000000000000001a 000000538fbff570
0x000000538fbff170:   00007fffab2355a0 000000538fbff3c0
0x000000538fbff180:   00007fffadcca418 00007fffadcca418
0x000000538fbff190:   000001fde83e6008 0000000000000000
0x000000538fbff1a0:   00007fffada1d0c0 0000005400000000
0x000000538fbff1b0:   0000000000000000 0000000000000000
0x000000538fbff1c0:   000001fde83e6008 000000538fbff488
0x000000538fbff1d0:   00007fffab2355a0 000000538fbff3e0
0x000000538fbff1e0:   00000000000003d8 0000000000000000
0x000000538fbff1f0:   00007fffab2355a0 000000538fbff3a0
0x000000538fbff200:   00007fffada22398 0000000000000000
0x000000538fbff210:   0000000000000000 00007fffad42da40
0x000000538fbff220:   0000000000000000 0000000000000000
0x000000538fbff230:   0000000000000000 00007ff84c22d1aa
0x000000538fbff240:   0000000000340002 0000000000000010
0x000000538fbff250:   000001fde83ec7a0 000000538fbff200
0x000000538fbff260:   000001fdd1763480 00007ff84c22d1aa
0x000000538fbff270:   0000000000000000 000001fdbfc118c0
0x000000538fbff280:   000001fde85d4bd0 0000000000000000
0x000000538fbff290:   000001fdbfc102a4 0000000000000010
0x000000538fbff2a0:   000001fdbfc10cc0 000001fdbfc11a40
0x000000538fbff2b0:   000000538fbff200 0000000000000008
0x000000538fbff2c0:   0000000000000000 0000000000000010
0x000000538fbff2d0:   0000000000000000 0000000000000001
0x000000538fbff2e0:   0000000000000000 000000538fbff399
0x000000538fbff2f0:   000001fdbfb10000 00007ff84c22c7ba
0x000000538fbff300:   000001fdbfc10000 0000000000000000 

Instructions: (pc=0x00007fffaa3c6696)
0x00007fffaa3c6596:   01 00 00 48 89 44 24 68 0f 10 44 24 60 0f 11 85
0x00007fffaa3c65a6:   60 01 00 00 8b 5c 24 28 48 8b 85 68 01 00 00 89
0x00007fffaa3c65b6:   18 e9 d3 00 00 00 48 63 5c 24 28 39 9d b0 01 00
0x00007fffaa3c65c6:   00 0f 84 c2 00 00 00 44 0f b6 c7 ba 03 00 00 00
0x00007fffaa3c65d6:   48 8d 8d a0 01 00 00 e8 ee 09 00 00 48 8b cb 48
0x00007fffaa3c65e6:   ba 00 00 00 00 ff ff ff ff 48 23 ca 8b c3 48 0b
0x00007fffaa3c65f6:   c8 48 8d 05 9a 08 e7 00 48 03 c8 48 b8 69 2d 38
0x00007fffaa3c6606:   eb 08 ea df 9d 48 f7 e1 48 8b ca 48 33 c8 4c 8d
0x00007fffaa3c6616:   85 a0 01 00 00 ba 04 00 00 00 e8 eb 93 2e 00 48
0x00007fffaa3c6626:   8b 95 b0 01 00 00 48 03 d0 48 8b 8d b8 01 00 00
0x00007fffaa3c6636:   48 8d 04 81 48 89 54 24 70 48 89 44 24 78 0f 10
0x00007fffaa3c6646:   44 24 70 0f 11 85 60 01 00 00 48 8b 85 68 01 00
0x00007fffaa3c6656:   00 89 18 eb 34 4c 8d 44 24 28 48 8d 95 60 01 00
0x00007fffaa3c6666:   00 48 8d 8d a0 01 00 00 e8 5d ed ff ff 80 bd 70
0x00007fffaa3c6676:   01 00 00 00 74 0f 8b 5c 24 28 48 8b 85 68 01 00
0x00007fffaa3c6686:   00 89 18 eb 04 8b 5c 24 28 48 63 cb 49 8b 45 18
0x00007fffaa3c6696:   48 8b 1c c8 49 8b 45 30 49 89 1c 06 48 83 fb ff
0x00007fffaa3c66a6:   0f 85 83 00 00 00 4c 8d 05 6d 38 e1 00 48 8b d3
0x00007fffaa3c66b6:   48 8b cb e8 b2 ae 2b 00 48 85 c0 74 6c 48 8b c8
0x00007fffaa3c66c6:   48 83 78 18 0f 76 03 48 8b 08 48 89 4d 90 48 8b
0x00007fffaa3c66d6:   40 10 48 89 45 98 0f 28 45 90 66 0f 7f 44 24 40
0x00007fffaa3c66e6:   4c 8d 4c 24 40 41 b8 62 00 00 00 48 8d 15 38 37
0x00007fffaa3c66f6:   e1 00 48 8d 4d a0 e8 9f bc 2b 00 41 83 cc 20 44
0x00007fffaa3c6706:   89 64 24 20 41 f6 c4 20 0f 85 48 07 00 00 eb 8c
0x00007fffaa3c6716:   49 8b 45 30 49 89 34 06 49 8b 45 00 48 8d 0c b0
0x00007fffaa3c6726:   8b 44 24 28 89 01 48 ff c6 41 ff c7 49 83 c6 08
0x00007fffaa3c6736:   41 8b 45 64 44 3b f8 0f 8c ed fd ff ff 8b 7c 24
0x00007fffaa3c6746:   34 45 33 ff 45 8b f7 85 c0 0f 8e aa 00 00 00 48
0x00007fffaa3c6756:   63 df 41 8b ff 4c 8b 7d b8 90 49 8b 07 8b 44 07
0x00007fffaa3c6766:   04 49 8b 4d 00 89 04 b1 49 8b 45 48 48 89 34 07
0x00007fffaa3c6776:   48 3b de 7e 6d 4c 8d 05 be 37 e1 00 48 8b d6 48
0x00007fffaa3c6786:   8b cb e8 e3 ad 2b 00 48 85 c0 74 56 48 8b c8 48 


Stack slot to memory mapping:

stack at sp + 0 slots: 0x0 is null
stack at sp + 1 slots: 0x000000538fbff210 is pointing into the stack for thread: 0x000001fdc1ea9550
stack at sp + 2 slots: 0x0000000000000058 is an unknown value
stack at sp + 3 slots: 0x000001fde865a790 points into unknown readable memory: 0x0000000000000000 | 00 00 00 00 00 00 00 00
stack at sp + 4 slots: 0x0 is null
stack at sp + 5 slots: 0x000001fd00000000 is an unknown value
stack at sp + 6 slots: 0x0000000000000058 is an unknown value
stack at sp + 7 slots: 0x00007fffad2bc1bc jvm.dll


---------------  P R O C E S S  ---------------

Threads class SMR info:
_java_thread_list=0x000001fde882eb60, length=16, elements={
0x000001fdc1ea9550, 0x000001fde6af1050, 0x000001fde6af1f60, 0x000001fde6af40b0,
0x000001fde6af6c40, 0x000001fde6af77c0, 0x000001fde6af87d0, 0x000001fde6afeb90,
0x000001fde6b07760, 0x000001fde817c6d0, 0x000001fde82a8160, 0x000001fde82aa990,
0x000001fde8482b70, 0x000001fde8483210, 0x000001fde84838b0, 0x000001fde8484f60
}

Java Threads: ( => current thread )
=>0x000001fdc1ea9550 JavaThread "main"                              [_thread_in_native, id=29340, stack(0x000000538fb00000,0x000000538fc00000) (1024K)]
  0x000001fde6af1050 JavaThread "Reference Handler"          daemon [_thread_blocked, id=33836, stack(0x0000005390300000,0x0000005390400000) (1024K)]
  0x000001fde6af1f60 JavaThread "Finalizer"                  daemon [_thread_blocked, id=20052, stack(0x0000005390400000,0x0000005390500000) (1024K)]
  0x000001fde6af40b0 JavaThread "Signal Dispatcher"          daemon [_thread_blocked, id=15216, stack(0x0000005390500000,0x0000005390600000) (1024K)]
  0x000001fde6af6c40 JavaThread "Attach Listener"            daemon [_thread_blocked, id=20792, stack(0x0000005390600000,0x0000005390700000) (1024K)]
  0x000001fde6af77c0 JavaThread "Service Thread"             daemon [_thread_blocked, id=8188, stack(0x0000005390700000,0x0000005390800000) (1024K)]
  0x000001fde6af87d0 JavaThread "Monitor Deflation Thread"   daemon [_thread_blocked, id=17416, stack(0x0000005390800000,0x0000005390900000) (1024K)]
  0x000001fde6afeb90 JavaThread "C2 CompilerThread0"         daemon [_thread_blocked, id=24740, stack(0x0000005390900000,0x0000005390a00000) (1024K)]
  0x000001fde6b07760 JavaThread "C1 CompilerThread0"         daemon [_thread_blocked, id=28548, stack(0x0000005390a00000,0x0000005390b00000) (1024K)]
  0x000001fde817c6d0 JavaThread "C1 CompilerThread1"         daemon [_thread_blocked, id=2892, stack(0x0000005390b00000,0x0000005390c00000) (1024K)]
  0x000001fde82a8160 JavaThread "Notification Thread"        daemon [_thread_blocked, id=24328, stack(0x0000005390c00000,0x0000005390d00000) (1024K)]
  0x000001fde82aa990 JavaThread "Common-Cleaner"             daemon [_thread_blocked, id=24596, stack(0x0000005390d00000,0x0000005390e00000) (1024K)]
  0x000001fde8482b70 JavaThread "C2 CompilerThread1"         daemon [_thread_blocked, id=28344, stack(0x0000005390e00000,0x0000005390f00000) (1024K)]
  0x000001fde8483210 JavaThread "C1 CompilerThread2"         daemon [_thread_blocked, id=33996, stack(0x0000005390f00000,0x0000005391000000) (1024K)]
  0x000001fde84838b0 JavaThread "C1 CompilerThread3"         daemon [_thread_blocked, id=26176, stack(0x0000005391000000,0x0000005391100000) (1024K)]
  0x000001fde8484f60 JavaThread "C1 CompilerThread4"         daemon [_thread_blocked, id=18648, stack(0x0000005391100000,0x0000005391200000) (1024K)]
Total: 16

Other Threads:
  0x000001fde6ad6620 VMThread "VM Thread"                           [id=24748, stack(0x0000005390200000,0x0000005390300000) (1024K)]
  0x000001fde80e1b00 WatcherThread "VM Periodic Task Thread"        [id=23488, stack(0x0000005390100000,0x0000005390200000) (1024K)]
  0x000001fdc1f4eef0 WorkerThread "GC Thread#0"                     [id=30772, stack(0x000000538fc00000,0x000000538fd00000) (1024K)]
  0x000001fdc1f5fd50 ConcurrentGCThread "G1 Main Marker"            [id=34264, stack(0x000000538fd00000,0x000000538fe00000) (1024K)]
  0x000001fdc1f60f00 WorkerThread "G1 Conc#0"                       [id=22520, stack(0x000000538fe00000,0x000000538ff00000) (1024K)]
  0x000001fde6a12af0 ConcurrentGCThread "G1 Refine#0"               [id=31060, stack(0x000000538ff00000,0x0000005390000000) (1024K)]
  0x000001fde6a13570 ConcurrentGCThread "G1 Service"                [id=27548, stack(0x0000005390000000,0x0000005390100000) (1024K)]
Total: 7

Threads with active compile tasks:
Total: 0

VM state: not at safepoint (normal execution)

VM Mutex/Monitor currently owned by a thread: None

Heap address: 0x0000000606000000, size: 8096 MB, Compressed Oops mode: Zero based, Oop shift amount: 3

CDS archive(s) mapped at: [0x000001fde9000000-0x000001fde9c90000-0x000001fde9c90000), size 13172736, SharedBaseAddress: 0x000001fde9000000, ArchiveRelocationMode: 1.
Compressed class space mapped at: 0x000001fdea000000-0x000001fe2a000000, reserved size: 1073741824
Narrow klass base: 0x000001fde9000000, Narrow klass shift: 0, Narrow klass range: 0x100000000

GC Precious Log:
 CardTable entry size: 512
 Card Set container configuration: InlinePtr #cards 4 size 8 Array Of Cards #cards 32 size 80 Howl #buckets 8 coarsen threshold 7372 Howl Bitmap #cards 1024 size 144 coarsen threshold 921 Card regions per heap region 1 cards per card region 8192
 CPUs: 32 total, 32 available
 Memory: 32378M
 Large Page Support: Disabled
 NUMA Support: Disabled
 Compressed Oops: Enabled (Zero based)
 Heap Region Size: 4M
 Heap Min Capacity: 8M
 Heap Initial Capacity: 508M
 Heap Max Capacity: 8096M
 Pre-touch: Disabled
 Parallel Workers: 23
 Concurrent Workers: 6
 Concurrent Refinement Workers: 23
 Periodic GC: Disabled

Heap:
 garbage-first heap   total 520192K, used 8192K [0x0000000606000000, 0x0000000800000000)
  region size 4096K, 3 young (12288K), 0 survivors (0K)
 Metaspace       used 2937K, committed 3072K, reserved 1114112K
  class space    used 251K, committed 320K, reserved 1048576K

Heap Regions: E=young(eden), S=young(survivor), O=old, HS=humongous(starts), HC=humongous(continues), CS=collection set, F=free, TAMS=top-at-mark-start, PB=parsable bottom
|   0|0x0000000606000000, 0x0000000606000000, 0x0000000606400000|  0%| F|  |TAMS 0x0000000606000000| PB 0x0000000606000000| Untracked 
|   1|0x0000000606400000, 0x0000000606400000, 0x0000000606800000|  0%| F|  |TAMS 0x0000000606400000| PB 0x0000000606400000| Untracked 
|   2|0x0000000606800000, 0x0000000606800000, 0x0000000606c00000|  0%| F|  |TAMS 0x0000000606800000| PB 0x0000000606800000| Untracked 
|   3|0x0000000606c00000, 0x0000000606c00000, 0x0000000607000000|  0%| F|  |TAMS 0x0000000606c00000| PB 0x0000000606c00000| Untracked 
|   4|0x0000000607000000, 0x0000000607000000, 0x0000000607400000|  0%| F|  |TAMS 0x0000000607000000| PB 0x0000000607000000| Untracked 
|   5|0x0000000607400000, 0x0000000607400000, 0x0000000607800000|  0%| F|  |TAMS 0x0000000607400000| PB 0x0000000607400000| Untracked 
|   6|0x0000000607800000, 0x0000000607800000, 0x0000000607c00000|  0%| F|  |TAMS 0x0000000607800000| PB 0x0000000607800000| Untracked 
|   7|0x0000000607c00000, 0x0000000607c00000, 0x0000000608000000|  0%| F|  |TAMS 0x0000000607c00000| PB 0x0000000607c00000| Untracked 
|   8|0x0000000608000000, 0x0000000608000000, 0x0000000608400000|  0%| F|  |TAMS 0x0000000608000000| PB 0x0000000608000000| Untracked 
|   9|0x0000000608400000, 0x0000000608400000, 0x0000000608800000|  0%| F|  |TAMS 0x0000000608400000| PB 0x0000000608400000| Untracked 
|  10|0x0000000608800000, 0x0000000608800000, 0x0000000608c00000|  0%| F|  |TAMS 0x0000000608800000| PB 0x0000000608800000| Untracked 
|  11|0x0000000608c00000, 0x0000000608c00000, 0x0000000609000000|  0%| F|  |TAMS 0x0000000608c00000| PB 0x0000000608c00000| Untracked 
|  12|0x0000000609000000, 0x0000000609000000, 0x0000000609400000|  0%| F|  |TAMS 0x0000000609000000| PB 0x0000000609000000| Untracked 
|  13|0x0000000609400000, 0x0000000609400000, 0x0000000609800000|  0%| F|  |TAMS 0x0000000609400000| PB 0x0000000609400000| Untracked 
|  14|0x0000000609800000, 0x0000000609800000, 0x0000000609c00000|  0%| F|  |TAMS 0x0000000609800000| PB 0x0000000609800000| Untracked 
|  15|0x0000000609c00000, 0x0000000609c00000, 0x000000060a000000|  0%| F|  |TAMS 0x0000000609c00000| PB 0x0000000609c00000| Untracked 
|  16|0x000000060a000000, 0x000000060a000000, 0x000000060a400000|  0%| F|  |TAMS 0x000000060a000000| PB 0x000000060a000000| Untracked 
|  17|0x000000060a400000, 0x000000060a400000, 0x000000060a800000|  0%| F|  |TAMS 0x000000060a400000| PB 0x000000060a400000| Untracked 
|  18|0x000000060a800000, 0x000000060a800000, 0x000000060ac00000|  0%| F|  |TAMS 0x000000060a800000| PB 0x000000060a800000| Untracked 
|  19|0x000000060ac00000, 0x000000060ac00000, 0x000000060b000000|  0%| F|  |TAMS 0x000000060ac00000| PB 0x000000060ac00000| Untracked 
|  20|0x000000060b000000, 0x000000060b000000, 0x000000060b400000|  0%| F|  |TAMS 0x000000060b000000| PB 0x000000060b000000| Untracked 
|  21|0x000000060b400000, 0x000000060b400000, 0x000000060b800000|  0%| F|  |TAMS 0x000000060b400000| PB 0x000000060b400000| Untracked 
|  22|0x000000060b800000, 0x000000060b800000, 0x000000060bc00000|  0%| F|  |TAMS 0x000000060b800000| PB 0x000000060b800000| Untracked 
|  23|0x000000060bc00000, 0x000000060bc00000, 0x000000060c000000|  0%| F|  |TAMS 0x000000060bc00000| PB 0x000000060bc00000| Untracked 
|  24|0x000000060c000000, 0x000000060c000000, 0x000000060c400000|  0%| F|  |TAMS 0x000000060c000000| PB 0x000000060c000000| Untracked 
|  25|0x000000060c400000, 0x000000060c400000, 0x000000060c800000|  0%| F|  |TAMS 0x000000060c400000| PB 0x000000060c400000| Untracked 
|  26|0x000000060c800000, 0x000000060c800000, 0x000000060cc00000|  0%| F|  |TAMS 0x000000060c800000| PB 0x000000060c800000| Untracked 
|  27|0x000000060cc00000, 0x000000060cc00000, 0x000000060d000000|  0%| F|  |TAMS 0x000000060cc00000| PB 0x000000060cc00000| Untracked 
|  28|0x000000060d000000, 0x000000060d000000, 0x000000060d400000|  0%| F|  |TAMS 0x000000060d000000| PB 0x000000060d000000| Untracked 
|  29|0x000000060d400000, 0x000000060d400000, 0x000000060d800000|  0%| F|  |TAMS 0x000000060d400000| PB 0x000000060d400000| Untracked 
|  30|0x000000060d800000, 0x000000060d800000, 0x000000060dc00000|  0%| F|  |TAMS 0x000000060d800000| PB 0x000000060d800000| Untracked 
|  31|0x000000060dc00000, 0x000000060dc00000, 0x000000060e000000|  0%| F|  |TAMS 0x000000060dc00000| PB 0x000000060dc00000| Untracked 
|  32|0x000000060e000000, 0x000000060e000000, 0x000000060e400000|  0%| F|  |TAMS 0x000000060e000000| PB 0x000000060e000000| Untracked 
|  33|0x000000060e400000, 0x000000060e400000, 0x000000060e800000|  0%| F|  |TAMS 0x000000060e400000| PB 0x000000060e400000| Untracked 
|  34|0x000000060e800000, 0x000000060e800000, 0x000000060ec00000|  0%| F|  |TAMS 0x000000060e800000| PB 0x000000060e800000| Untracked 
|  35|0x000000060ec00000, 0x000000060ec00000, 0x000000060f000000|  0%| F|  |TAMS 0x000000060ec00000| PB 0x000000060ec00000| Untracked 
|  36|0x000000060f000000, 0x000000060f000000, 0x000000060f400000|  0%| F|  |TAMS 0x000000060f000000| PB 0x000000060f000000| Untracked 
|  37|0x000000060f400000, 0x000000060f400000, 0x000000060f800000|  0%| F|  |TAMS 0x000000060f400000| PB 0x000000060f400000| Untracked 
|  38|0x000000060f800000, 0x000000060f800000, 0x000000060fc00000|  0%| F|  |TAMS 0x000000060f800000| PB 0x000000060f800000| Untracked 
|  39|0x000000060fc00000, 0x000000060fc00000, 0x0000000610000000|  0%| F|  |TAMS 0x000000060fc00000| PB 0x000000060fc00000| Untracked 
|  40|0x0000000610000000, 0x0000000610000000, 0x0000000610400000|  0%| F|  |TAMS 0x0000000610000000| PB 0x0000000610000000| Untracked 
|  41|0x0000000610400000, 0x0000000610400000, 0x0000000610800000|  0%| F|  |TAMS 0x0000000610400000| PB 0x0000000610400000| Untracked 
|  42|0x0000000610800000, 0x0000000610800000, 0x0000000610c00000|  0%| F|  |TAMS 0x0000000610800000| PB 0x0000000610800000| Untracked 
|  43|0x0000000610c00000, 0x0000000610c00000, 0x0000000611000000|  0%| F|  |TAMS 0x0000000610c00000| PB 0x0000000610c00000| Untracked 
|  44|0x0000000611000000, 0x0000000611000000, 0x0000000611400000|  0%| F|  |TAMS 0x0000000611000000| PB 0x0000000611000000| Untracked 
|  45|0x0000000611400000, 0x0000000611400000, 0x0000000611800000|  0%| F|  |TAMS 0x0000000611400000| PB 0x0000000611400000| Untracked 
|  46|0x0000000611800000, 0x0000000611800000, 0x0000000611c00000|  0%| F|  |TAMS 0x0000000611800000| PB 0x0000000611800000| Untracked 
|  47|0x0000000611c00000, 0x0000000611c00000, 0x0000000612000000|  0%| F|  |TAMS 0x0000000611c00000| PB 0x0000000611c00000| Untracked 
|  48|0x0000000612000000, 0x0000000612000000, 0x0000000612400000|  0%| F|  |TAMS 0x0000000612000000| PB 0x0000000612000000| Untracked 
|  49|0x0000000612400000, 0x0000000612400000, 0x0000000612800000|  0%| F|  |TAMS 0x0000000612400000| PB 0x0000000612400000| Untracked 
|  50|0x0000000612800000, 0x0000000612800000, 0x0000000612c00000|  0%| F|  |TAMS 0x0000000612800000| PB 0x0000000612800000| Untracked 
|  51|0x0000000612c00000, 0x0000000612c00000, 0x0000000613000000|  0%| F|  |TAMS 0x0000000612c00000| PB 0x0000000612c00000| Untracked 
|  52|0x0000000613000000, 0x0000000613000000, 0x0000000613400000|  0%| F|  |TAMS 0x0000000613000000| PB 0x0000000613000000| Untracked 
|  53|0x0000000613400000, 0x0000000613400000, 0x0000000613800000|  0%| F|  |TAMS 0x0000000613400000| PB 0x0000000613400000| Untracked 
|  54|0x0000000613800000, 0x0000000613800000, 0x0000000613c00000|  0%| F|  |TAMS 0x0000000613800000| PB 0x0000000613800000| Untracked 
|  55|0x0000000613c00000, 0x0000000613c00000, 0x0000000614000000|  0%| F|  |TAMS 0x0000000613c00000| PB 0x0000000613c00000| Untracked 
|  56|0x0000000614000000, 0x0000000614000000, 0x0000000614400000|  0%| F|  |TAMS 0x0000000614000000| PB 0x0000000614000000| Untracked 
|  57|0x0000000614400000, 0x0000000614400000, 0x0000000614800000|  0%| F|  |TAMS 0x0000000614400000| PB 0x0000000614400000| Untracked 
|  58|0x0000000614800000, 0x0000000614800000, 0x0000000614c00000|  0%| F|  |TAMS 0x0000000614800000| PB 0x0000000614800000| Untracked 
|  59|0x0000000614c00000, 0x0000000614c00000, 0x0000000615000000|  0%| F|  |TAMS 0x0000000614c00000| PB 0x0000000614c00000| Untracked 
|  60|0x0000000615000000, 0x0000000615000000, 0x0000000615400000|  0%| F|  |TAMS 0x0000000615000000| PB 0x0000000615000000| Untracked 
|  61|0x0000000615400000, 0x0000000615400000, 0x0000000615800000|  0%| F|  |TAMS 0x0000000615400000| PB 0x0000000615400000| Untracked 
|  62|0x0000000615800000, 0x0000000615800000, 0x0000000615c00000|  0%| F|  |TAMS 0x0000000615800000| PB 0x0000000615800000| Untracked 
|  63|0x0000000615c00000, 0x0000000615c00000, 0x0000000616000000|  0%| F|  |TAMS 0x0000000615c00000| PB 0x0000000615c00000| Untracked 
|  64|0x0000000616000000, 0x0000000616000000, 0x0000000616400000|  0%| F|  |TAMS 0x0000000616000000| PB 0x0000000616000000| Untracked 
|  65|0x0000000616400000, 0x0000000616400000, 0x0000000616800000|  0%| F|  |TAMS 0x0000000616400000| PB 0x0000000616400000| Untracked 
|  66|0x0000000616800000, 0x0000000616800000, 0x0000000616c00000|  0%| F|  |TAMS 0x0000000616800000| PB 0x0000000616800000| Untracked 
|  67|0x0000000616c00000, 0x0000000616c00000, 0x0000000617000000|  0%| F|  |TAMS 0x0000000616c00000| PB 0x0000000616c00000| Untracked 
|  68|0x0000000617000000, 0x0000000617000000, 0x0000000617400000|  0%| F|  |TAMS 0x0000000617000000| PB 0x0000000617000000| Untracked 
|  69|0x0000000617400000, 0x0000000617400000, 0x0000000617800000|  0%| F|  |TAMS 0x0000000617400000| PB 0x0000000617400000| Untracked 
|  70|0x0000000617800000, 0x0000000617800000, 0x0000000617c00000|  0%| F|  |TAMS 0x0000000617800000| PB 0x0000000617800000| Untracked 
|  71|0x0000000617c00000, 0x0000000617c00000, 0x0000000618000000|  0%| F|  |TAMS 0x0000000617c00000| PB 0x0000000617c00000| Untracked 
|  72|0x0000000618000000, 0x0000000618000000, 0x0000000618400000|  0%| F|  |TAMS 0x0000000618000000| PB 0x0000000618000000| Untracked 
|  73|0x0000000618400000, 0x0000000618400000, 0x0000000618800000|  0%| F|  |TAMS 0x0000000618400000| PB 0x0000000618400000| Untracked 
|  74|0x0000000618800000, 0x0000000618800000, 0x0000000618c00000|  0%| F|  |TAMS 0x0000000618800000| PB 0x0000000618800000| Untracked 
|  75|0x0000000618c00000, 0x0000000618c00000, 0x0000000619000000|  0%| F|  |TAMS 0x0000000618c00000| PB 0x0000000618c00000| Untracked 
|  76|0x0000000619000000, 0x0000000619000000, 0x0000000619400000|  0%| F|  |TAMS 0x0000000619000000| PB 0x0000000619000000| Untracked 
|  77|0x0000000619400000, 0x0000000619400000, 0x0000000619800000|  0%| F|  |TAMS 0x0000000619400000| PB 0x0000000619400000| Untracked 
|  78|0x0000000619800000, 0x0000000619800000, 0x0000000619c00000|  0%| F|  |TAMS 0x0000000619800000| PB 0x0000000619800000| Untracked 
|  79|0x0000000619c00000, 0x0000000619c00000, 0x000000061a000000|  0%| F|  |TAMS 0x0000000619c00000| PB 0x0000000619c00000| Untracked 
|  80|0x000000061a000000, 0x000000061a000000, 0x000000061a400000|  0%| F|  |TAMS 0x000000061a000000| PB 0x000000061a000000| Untracked 
|  81|0x000000061a400000, 0x000000061a400000, 0x000000061a800000|  0%| F|  |TAMS 0x000000061a400000| PB 0x000000061a400000| Untracked 
|  82|0x000000061a800000, 0x000000061a800000, 0x000000061ac00000|  0%| F|  |TAMS 0x000000061a800000| PB 0x000000061a800000| Untracked 
|  83|0x000000061ac00000, 0x000000061ac00000, 0x000000061b000000|  0%| F|  |TAMS 0x000000061ac00000| PB 0x000000061ac00000| Untracked 
|  84|0x000000061b000000, 0x000000061b000000, 0x000000061b400000|  0%| F|  |TAMS 0x000000061b000000| PB 0x000000061b000000| Untracked 
|  85|0x000000061b400000, 0x000000061b400000, 0x000000061b800000|  0%| F|  |TAMS 0x000000061b400000| PB 0x000000061b400000| Untracked 
|  86|0x000000061b800000, 0x000000061b800000, 0x000000061bc00000|  0%| F|  |TAMS 0x000000061b800000| PB 0x000000061b800000| Untracked 
|  87|0x000000061bc00000, 0x000000061bc00000, 0x000000061c000000|  0%| F|  |TAMS 0x000000061bc00000| PB 0x000000061bc00000| Untracked 
|  88|0x000000061c000000, 0x000000061c000000, 0x000000061c400000|  0%| F|  |TAMS 0x000000061c000000| PB 0x000000061c000000| Untracked 
|  89|0x000000061c400000, 0x000000061c400000, 0x000000061c800000|  0%| F|  |TAMS 0x000000061c400000| PB 0x000000061c400000| Untracked 
|  90|0x000000061c800000, 0x000000061c800000, 0x000000061cc00000|  0%| F|  |TAMS 0x000000061c800000| PB 0x000000061c800000| Untracked 
|  91|0x000000061cc00000, 0x000000061cc00000, 0x000000061d000000|  0%| F|  |TAMS 0x000000061cc00000| PB 0x000000061cc00000| Untracked 
|  92|0x000000061d000000, 0x000000061d000000, 0x000000061d400000|  0%| F|  |TAMS 0x000000061d000000| PB 0x000000061d000000| Untracked 
|  93|0x000000061d400000, 0x000000061d400000, 0x000000061d800000|  0%| F|  |TAMS 0x000000061d400000| PB 0x000000061d400000| Untracked 
|  94|0x000000061d800000, 0x000000061d800000, 0x000000061dc00000|  0%| F|  |TAMS 0x000000061d800000| PB 0x000000061d800000| Untracked 
|  95|0x000000061dc00000, 0x000000061dc00000, 0x000000061e000000|  0%| F|  |TAMS 0x000000061dc00000| PB 0x000000061dc00000| Untracked 
|  96|0x000000061e000000, 0x000000061e000000, 0x000000061e400000|  0%| F|  |TAMS 0x000000061e000000| PB 0x000000061e000000| Untracked 
|  97|0x000000061e400000, 0x000000061e400000, 0x000000061e800000|  0%| F|  |TAMS 0x000000061e400000| PB 0x000000061e400000| Untracked 
|  98|0x000000061e800000, 0x000000061e800000, 0x000000061ec00000|  0%| F|  |TAMS 0x000000061e800000| PB 0x000000061e800000| Untracked 
|  99|0x000000061ec00000, 0x000000061ec00000, 0x000000061f000000|  0%| F|  |TAMS 0x000000061ec00000| PB 0x000000061ec00000| Untracked 
| 100|0x000000061f000000, 0x000000061f000000, 0x000000061f400000|  0%| F|  |TAMS 0x000000061f000000| PB 0x000000061f000000| Untracked 
| 101|0x000000061f400000, 0x000000061f400000, 0x000000061f800000|  0%| F|  |TAMS 0x000000061f400000| PB 0x000000061f400000| Untracked 
| 102|0x000000061f800000, 0x000000061f800000, 0x000000061fc00000|  0%| F|  |TAMS 0x000000061f800000| PB 0x000000061f800000| Untracked 
| 103|0x000000061fc00000, 0x000000061fc00000, 0x0000000620000000|  0%| F|  |TAMS 0x000000061fc00000| PB 0x000000061fc00000| Untracked 
| 104|0x0000000620000000, 0x0000000620000000, 0x0000000620400000|  0%| F|  |TAMS 0x0000000620000000| PB 0x0000000620000000| Untracked 
| 105|0x0000000620400000, 0x0000000620400000, 0x0000000620800000|  0%| F|  |TAMS 0x0000000620400000| PB 0x0000000620400000| Untracked 
| 106|0x0000000620800000, 0x0000000620800000, 0x0000000620c00000|  0%| F|  |TAMS 0x0000000620800000| PB 0x0000000620800000| Untracked 
| 107|0x0000000620c00000, 0x0000000620c00000, 0x0000000621000000|  0%| F|  |TAMS 0x0000000620c00000| PB 0x0000000620c00000| Untracked 
| 108|0x0000000621000000, 0x0000000621000000, 0x0000000621400000|  0%| F|  |TAMS 0x0000000621000000| PB 0x0000000621000000| Untracked 
| 109|0x0000000621400000, 0x0000000621400000, 0x0000000621800000|  0%| F|  |TAMS 0x0000000621400000| PB 0x0000000621400000| Untracked 
| 110|0x0000000621800000, 0x0000000621800000, 0x0000000621c00000|  0%| F|  |TAMS 0x0000000621800000| PB 0x0000000621800000| Untracked 
| 111|0x0000000621c00000, 0x0000000621c00000, 0x0000000622000000|  0%| F|  |TAMS 0x0000000621c00000| PB 0x0000000621c00000| Untracked 
| 112|0x0000000622000000, 0x0000000622000000, 0x0000000622400000|  0%| F|  |TAMS 0x0000000622000000| PB 0x0000000622000000| Untracked 
| 113|0x0000000622400000, 0x0000000622400000, 0x0000000622800000|  0%| F|  |TAMS 0x0000000622400000| PB 0x0000000622400000| Untracked 
| 114|0x0000000622800000, 0x0000000622800000, 0x0000000622c00000|  0%| F|  |TAMS 0x0000000622800000| PB 0x0000000622800000| Untracked 
| 115|0x0000000622c00000, 0x0000000622c00000, 0x0000000623000000|  0%| F|  |TAMS 0x0000000622c00000| PB 0x0000000622c00000| Untracked 
| 116|0x0000000623000000, 0x0000000623000000, 0x0000000623400000|  0%| F|  |TAMS 0x0000000623000000| PB 0x0000000623000000| Untracked 
| 117|0x0000000623400000, 0x0000000623400000, 0x0000000623800000|  0%| F|  |TAMS 0x0000000623400000| PB 0x0000000623400000| Untracked 
| 118|0x0000000623800000, 0x0000000623800000, 0x0000000623c00000|  0%| F|  |TAMS 0x0000000623800000| PB 0x0000000623800000| Untracked 
| 119|0x0000000623c00000, 0x0000000623c00000, 0x0000000624000000|  0%| F|  |TAMS 0x0000000623c00000| PB 0x0000000623c00000| Untracked 
| 120|0x0000000624000000, 0x0000000624000000, 0x0000000624400000|  0%| F|  |TAMS 0x0000000624000000| PB 0x0000000624000000| Untracked 
| 121|0x0000000624400000, 0x0000000624400000, 0x0000000624800000|  0%| F|  |TAMS 0x0000000624400000| PB 0x0000000624400000| Untracked 
| 122|0x0000000624800000, 0x0000000624800000, 0x0000000624c00000|  0%| F|  |TAMS 0x0000000624800000| PB 0x0000000624800000| Untracked 
| 123|0x0000000624c00000, 0x0000000624c00000, 0x0000000625000000|  0%| F|  |TAMS 0x0000000624c00000| PB 0x0000000624c00000| Untracked 
| 124|0x0000000625000000, 0x0000000625159410, 0x0000000625400000| 33%| E|  |TAMS 0x0000000625000000| PB 0x0000000625000000| Complete 
| 125|0x0000000625400000, 0x0000000625800000, 0x0000000625800000|100%| E|CS|TAMS 0x0000000625400000| PB 0x0000000625400000| Complete 
| 126|0x0000000625800000, 0x0000000625c00000, 0x0000000625c00000|100%| E|CS|TAMS 0x0000000625800000| PB 0x0000000625800000| Complete 

Card table byte_map: [0x000001fddb640000,0x000001fddc610000] _byte_map_base: 0x000001fdd8610000

Marking Bits: (CMBitMap*) 0x000001fdc1f4f500
 Bits: [0x000001fddc610000, 0x000001fde4490000)

Polling page: 0x000001fdc1670000

Metaspace:

Usage:
  Non-class:      2.62 MB used.
      Class:    251.00 KB used.
       Both:      2.87 MB used.

Virtual space:
  Non-class space:       64.00 MB reserved,       2.69 MB (  4%) committed,  1 nodes.
      Class space:        1.00 GB reserved,     320.00 KB ( <1%) committed,  1 nodes.
             Both:        1.06 GB reserved,       3.00 MB ( <1%) committed. 

Chunk freelists:
   Non-Class:  11.06 MB
       Class:  15.66 MB
        Both:  26.72 MB

MaxMetaspaceSize: unlimited
CompressedClassSpaceSize: 1.00 GB
Initial GC threshold: 21.00 MB
Current GC threshold: 21.00 MB
CDS: on
 - commit_granule_bytes: 65536.
 - commit_granule_words: 8192.
 - virtual_space_node_default_size: 8388608.
 - enlarge_chunks_in_place: 1.
 - use_allocation_guard: 0.


Internal statistics:

num_allocs_failed_limit: 0.
num_arena_births: 90.
num_arena_deaths: 0.
num_vsnodes_births: 2.
num_vsnodes_deaths: 0.
num_space_committed: 48.
num_space_uncommitted: 0.
num_chunks_returned_to_freelist: 0.
num_chunks_taken_from_freelist: 140.
num_chunk_merges: 0.
num_chunk_splits: 92.
num_chunks_enlarged: 58.
num_inconsistent_stats: 0.

CodeHeap 'non-profiled nmethods': size=118848Kb used=260Kb max_used=260Kb free=118587Kb
 bounds [0x000001fdd1f20000, 0x000001fdd2190000, 0x000001fdd9330000]
CodeHeap 'profiled nmethods': size=118848Kb used=1218Kb max_used=1218Kb free=117629Kb
 bounds [0x000001fdca330000, 0x000001fdca5a0000, 0x000001fdd1740000]
CodeHeap 'non-nmethods': size=8064Kb used=3780Kb max_used=3780Kb free=4283Kb
 bounds [0x000001fdd1740000, 0x000001fdd1b00000, 0x000001fdd1f20000]
 total_blobs=1436 nmethods=829 adapters=508
 compilation: enabled
              stopped_count=0, restarted_count=0
 full_count=0

Compilation events (20 events):
Event: 0.162 Thread 0x000001fde8483210  820   !   3       java.nio.ByteBuffer::wrap (21 bytes)
Event: 0.162 Thread 0x000001fde8483210 nmethod 820 0x000001fdca45ff10 code [0x000001fdca4600c0, 0x000001fdca460310]
Event: 0.166 Thread 0x000001fde6afeb90  821       4       java.nio.Buffer::position (52 bytes)
Event: 0.167 Thread 0x000001fde6afeb90 nmethod 821 0x000001fdd1f5f090 code [0x000001fdd1f5f220, 0x000001fdd1f5f320]
Event: 0.167 Thread 0x000001fde6afeb90  822       4       java.nio.ByteBuffer::position (8 bytes)
Event: 0.167 Thread 0x000001fde6afeb90 nmethod 822 0x000001fdd1f5f410 code [0x000001fdd1f5f5a0, 0x000001fdd1f5f6a0]
Event: 0.204 Thread 0x000001fde6afeb90  823       4       java.nio.Buffer::limit (65 bytes)
Event: 0.204 Thread 0x000001fde6afeb90 nmethod 823 0x000001fdd1f5f790 code [0x000001fdd1f5f920, 0x000001fdd1f5fa30]
Event: 0.217 Thread 0x000001fde8482b70  824       4       java.lang.ThreadLocal::get (35 bytes)
Event: 0.217 Thread 0x000001fde6afeb90  825       4       java.lang.ThreadLocal$ThreadLocalMap::getEntry (42 bytes)
Event: 0.218 Thread 0x000001fde858a510  826       4       java.lang.ThreadLocal::getCarrierThreadLocal (29 bytes)
Event: 0.218 Thread 0x000001fde6afeb90 nmethod 825 0x000001fdd1f5fb10 code [0x000001fdd1f5fca0, 0x000001fdd1f5fdf0]
Event: 0.218 Thread 0x000001fde8482b70 nmethod 824 0x000001fdd1f5ff10 code [0x000001fdd1f600a0, 0x000001fdd1f60228]
Event: 0.218 Thread 0x000001fde858a510 nmethod 826 0x000001fdd1f60410 code [0x000001fdd1f605a0, 0x000001fdd1f60720]
Event: 0.219 Thread 0x000001fde858a510  827       4       java.nio.MappedByteBuffer::position (6 bytes)
Event: 0.220 Thread 0x000001fde858a510 nmethod 827 0x000001fdd1f60910 code [0x000001fdd1f60aa0, 0x000001fdd1f60bb0]
Event: 0.230 Thread 0x000001fde6afeb90  828       4       java.nio.ByteBuffer::limit (8 bytes)
Event: 0.231 Thread 0x000001fde6afeb90 nmethod 828 0x000001fdd1f60d10 code [0x000001fdd1f60ea0, 0x000001fdd1f60fb0]
Event: 0.669 Thread 0x000001fde8484f60  829       3       java.lang.StringUTF16::checkBoundsOffCount (11 bytes)
Event: 0.669 Thread 0x000001fde8484f60 nmethod 829 0x000001fdca460490 code [0x000001fdca460660, 0x000001fdca460950]

GC Heap History (0 events):
No events

Dll operation events (8 events):
Event: 0.003 Loaded shared library C:\Program Files\Java\jdk-21\bin\java.dll
Event: 0.021 Loaded shared library C:\Program Files\Java\jdk-21\bin\jsvml.dll
Event: 0.053 Loaded shared library C:\Program Files\Java\jdk-21\bin\net.dll
Event: 0.054 Loaded shared library C:\Program Files\Java\jdk-21\bin\nio.dll
Event: 0.056 Loaded shared library C:\Program Files\Java\jdk-21\bin\zip.dll
Event: 0.058 Loaded shared library C:\Program Files\Java\jdk-21\bin\verify.dll
Event: 0.080 Loaded shared library C:\Program Files\Java\jdk-21\bin\jimage.dll
Event: 0.669 Loaded shared library C:\Users\derhe\AppData\Local\Temp\ortools-java12711326684053932669\ortools-win32-x86-64\jniortools.dll

Deoptimization events (20 events):
Event: 0.124 Thread 0x000001fdc1ea9550 Uncommon trap: trap_request=0xffffff45 fr.pc=0x000001fdd1f3f3b0 relative=0x0000000000000190
Event: 0.124 Thread 0x000001fdc1ea9550 Uncommon trap: reason=unstable_if action=reinterpret pc=0x000001fdd1f3f3b0 method=jdk.internal.util.ArraysSupport.vectorizedHashCode(Ljava/lang/Object;IIII)I @ 2 c2
Event: 0.124 Thread 0x000001fdc1ea9550 DEOPT PACKING pc=0x000001fdd1f3f3b0 sp=0x000000538fbfe510
Event: 0.124 Thread 0x000001fdc1ea9550 DEOPT UNPACKING pc=0x000001fdd17946a2 sp=0x000000538fbfe4c0 mode 2
Event: 0.127 Thread 0x000001fdc1ea9550 Uncommon trap: trap_request=0xffffff45 fr.pc=0x000001fdd1f49bf0 relative=0x00000000000001b0
Event: 0.127 Thread 0x000001fdc1ea9550 Uncommon trap: reason=unstable_if action=reinterpret pc=0x000001fdd1f49bf0 method=java.lang.invoke.VarHandle.checkAccessModeThenIsDirect(Ljava/lang/invoke/VarHandle$AccessDescriptor;)Z @ 4 c2
Event: 0.127 Thread 0x000001fdc1ea9550 DEOPT PACKING pc=0x000001fdd1f49bf0 sp=0x000000538fbfd020
Event: 0.127 Thread 0x000001fdc1ea9550 DEOPT UNPACKING pc=0x000001fdd17946a2 sp=0x000000538fbfcf58 mode 2
Event: 0.669 Thread 0x000001fdc1ea9550 Uncommon trap: trap_request=0xffffff45 fr.pc=0x000001fdd1f4d310 relative=0x00000000000000f0
Event: 0.669 Thread 0x000001fdc1ea9550 Uncommon trap: reason=unstable_if action=reinterpret pc=0x000001fdd1f4d310 method=java.lang.String.getBytes([BIB)V @ 5 c2
Event: 0.669 Thread 0x000001fdc1ea9550 DEOPT PACKING pc=0x000001fdd1f4d310 sp=0x000000538fbfea50
Event: 0.669 Thread 0x000001fdc1ea9550 DEOPT UNPACKING pc=0x000001fdd17946a2 sp=0x000000538fbfe9f8 mode 2
Event: 0.669 Thread 0x000001fdc1ea9550 Uncommon trap: trap_request=0xffffff45 fr.pc=0x000001fdd1f55380 relative=0x0000000000000160
Event: 0.669 Thread 0x000001fdc1ea9550 Uncommon trap: reason=unstable_if action=reinterpret pc=0x000001fdd1f55380 method=java.util.concurrent.locks.ReentrantLock$NonfairSync.initialTryLock()Z @ 10 c2
Event: 0.669 Thread 0x000001fdc1ea9550 DEOPT PACKING pc=0x000001fdd1f55380 sp=0x000000538fbff170
Event: 0.669 Thread 0x000001fdc1ea9550 DEOPT UNPACKING pc=0x000001fdd17946a2 sp=0x000000538fbff118 mode 2
Event: 0.669 Thread 0x000001fdc1ea9550 Uncommon trap: trap_request=0xffffff45 fr.pc=0x000001fdd1f556f4 relative=0x00000000000000d4
Event: 0.669 Thread 0x000001fdc1ea9550 Uncommon trap: reason=unstable_if action=reinterpret pc=0x000001fdd1f556f4 method=java.util.concurrent.locks.ReentrantLock$Sync.tryRelease(I)Z @ 26 c2
Event: 0.669 Thread 0x000001fdc1ea9550 DEOPT PACKING pc=0x000001fdd1f556f4 sp=0x000000538fbfee60
Event: 0.669 Thread 0x000001fdc1ea9550 DEOPT UNPACKING pc=0x000001fdd17946a2 sp=0x000000538fbfee00 mode 2

Classes loaded (20 events):
Event: 0.135 Loading class java/nio/channels/spi/AbstractSelectableChannel
Event: 0.135 Loading class java/nio/channels/SelectableChannel
Event: 0.135 Loading class java/nio/channels/SelectableChannel done
Event: 0.135 Loading class java/nio/channels/spi/AbstractSelectableChannel done
Event: 0.135 Loading class java/nio/channels/SocketChannel done
Event: 0.135 Loading class sun/nio/ch/SocketChannelImpl done
Event: 0.135 Loading class sun/nio/ch/ChannelOutputStream
Event: 0.135 Loading class sun/nio/ch/ChannelOutputStream done
Event: 0.144 Loading class jdk/internal/foreign/MemorySessionImpl
Event: 0.144 Loading class java/lang/foreign/MemorySegment$Scope
Event: 0.144 Loading class java/lang/foreign/MemorySegment$Scope done
Event: 0.144 Loading class jdk/internal/foreign/MemorySessionImpl done
Event: 0.669 Loading class java/io/FileNotFoundException
Event: 0.669 Loading class java/io/FileNotFoundException done
Event: 0.669 Loading class java/lang/Throwable$WrappedPrintStream
Event: 0.669 Loading class java/lang/Throwable$PrintStreamOrWriter
Event: 0.669 Loading class java/lang/Throwable$PrintStreamOrWriter done
Event: 0.669 Loading class java/lang/Throwable$WrappedPrintStream done
Event: 0.670 Loading class java/lang/StackTraceElement$HashedModules
Event: 0.670 Loading class java/lang/StackTraceElement$HashedModules done

Classes unloaded (0 events):
No events

Classes redefined (0 events):
No events

Internal exceptions (7 events):
Event: 0.098 Thread 0x000001fdc1ea9550 Exception <a 'java/lang/NoSuchMethodError'{0x00000006255c1158}: 'java.lang.Object java.lang.invoke.DirectMethodHandle$Holder.invokeStaticInit(java.lang.Object, int, int, int, int)'> (0x00000006255c1158) 
thrown [s\open\src\hotspot\share\interpreter\linkResolver.cpp, line 773]
Event: 0.109 Thread 0x000001fdc1ea9550 Exception <a 'java/lang/NoSuchMethodError'{0x000000062569a618}: 'java.lang.Object java.lang.invoke.DirectMethodHandle$Holder.invokeStaticInit(java.lang.Object, java.lang.Object, int, int, int, int)'> (0x000000062569a618) 
thrown [s\open\src\hotspot\share\interpreter\linkResolver.cpp, line 773]
Event: 0.111 Thread 0x000001fdc1ea9550 Exception <a 'java/lang/NoSuchMethodError'{0x00000006256a39b0}: 'void java.lang.invoke.DirectMethodHandle$Holder.invokeStatic(java.lang.Object, java.lang.Object, java.lang.Object)'> (0x00000006256a39b0) 
thrown [s\open\src\hotspot\share\interpreter\linkResolver.cpp, line 773]
Event: 0.133 Thread 0x000001fdc1ea9550 Exception <a 'java/lang/NoSuchMethodError'{0x0000000625038a20}: 'java.lang.Object java.lang.invoke.DirectMethodHandle$Holder.invokeStatic(java.lang.Object, int, java.lang.Object)'> (0x0000000625038a20) 
thrown [s\open\src\hotspot\share\interpreter\linkResolver.cpp, line 773]
Event: 0.134 Thread 0x000001fdc1ea9550 Exception <a 'sun/nio/fs/WindowsException'{0x0000000625040368}> (0x0000000625040368) 
thrown [s\open\src\hotspot\share\prims\jni.cpp, line 520]
Event: 0.135 Thread 0x000001fdc1ea9550 Exception <a 'sun/nio/fs/WindowsException'{0x0000000625041170}> (0x0000000625041170) 
thrown [s\open\src\hotspot\share\prims\jni.cpp, line 520]
Event: 0.669 Thread 0x000001fdc1ea9550 Exception <a 'java/io/FileNotFoundException'{0x000000062505caf0}> (0x000000062505caf0) 
thrown [s\open\src\hotspot\share\prims\jni.cpp, line 520]

ZGC Phase Switch (0 events):
No events

VM Operations (8 events):
Event: 0.057 Executing VM operation: HandshakeAllThreads (Deoptimize)
Event: 0.057 Executing VM operation: HandshakeAllThreads (Deoptimize) done
Event: 0.067 Executing VM operation: HandshakeAllThreads (Deoptimize)
Event: 0.067 Executing VM operation: HandshakeAllThreads (Deoptimize) done
Event: 0.097 Executing VM operation: HandshakeAllThreads (Deoptimize)
Event: 0.097 Executing VM operation: HandshakeAllThreads (Deoptimize) done
Event: 0.114 Executing VM operation: HandshakeAllThreads (Deoptimize)
Event: 0.114 Executing VM operation: HandshakeAllThreads (Deoptimize) done

Events (18 events):
Event: 0.011 Thread 0x000001fdc1ea9550 Thread added: 0x000001fdc1ea9550
Event: 0.020 Thread 0x000001fde6af1050 Thread added: 0x000001fde6af1050
Event: 0.020 Thread 0x000001fde6af1f60 Thread added: 0x000001fde6af1f60
Event: 0.020 Thread 0x000001fde6af40b0 Thread added: 0x000001fde6af40b0
Event: 0.020 Thread 0x000001fde6af6c40 Thread added: 0x000001fde6af6c40
Event: 0.020 Thread 0x000001fde6af77c0 Thread added: 0x000001fde6af77c0
Event: 0.020 Thread 0x000001fde6af87d0 Thread added: 0x000001fde6af87d0
Event: 0.020 Thread 0x000001fde6afeb90 Thread added: 0x000001fde6afeb90
Event: 0.020 Thread 0x000001fde6b07760 Thread added: 0x000001fde6b07760
Event: 0.022 Thread 0x000001fde817c6d0 Thread added: 0x000001fde817c6d0
Event: 0.029 Thread 0x000001fde82a8160 Thread added: 0x000001fde82a8160
Event: 0.036 Thread 0x000001fde82aa990 Thread added: 0x000001fde82aa990
Event: 0.106 Thread 0x000001fde8482b70 Thread added: 0x000001fde8482b70
Event: 0.106 Thread 0x000001fde8483210 Thread added: 0x000001fde8483210
Event: 0.106 Thread 0x000001fde84838b0 Thread added: 0x000001fde84838b0
Event: 0.106 Thread 0x000001fde8484f60 Thread added: 0x000001fde8484f60
Event: 0.130 Thread 0x000001fde858a510 Thread added: 0x000001fde858a510
Event: 0.669 Thread 0x000001fde858a510 Thread exited: 0x000001fde858a510


Dynamic libraries:
0x00007ff62a890000 - 0x00007ff62a8a0000 	C:\Program Files\Java\jdk-21\bin\java.exe
0x00007ff84c1f0000 - 0x00007ff84c407000 	C:\Windows\SYSTEM32\ntdll.dll
0x00007ff84b940000 - 0x00007ff84ba04000 	C:\Windows\System32\KERNEL32.DLL
0x00007ff849890000 - 0x00007ff849c37000 	C:\Windows\System32\KERNELBASE.dll
0x00007ff849cb0000 - 0x00007ff849dc1000 	C:\Windows\System32\ucrtbase.dll
0x00007ff833830000 - 0x00007ff833849000 	C:\Program Files\Java\jdk-21\bin\jli.dll
0x00007ff82fe30000 - 0x00007ff82fe4b000 	C:\Program Files\Java\jdk-21\bin\VCRUNTIME140.dll
0x00007ff84b7e0000 - 0x00007ff84b890000 	C:\Windows\System32\ADVAPI32.dll
0x00007ff84b890000 - 0x00007ff84b937000 	C:\Windows\System32\msvcrt.dll
0x00007ff84ac00000 - 0x00007ff84aca6000 	C:\Windows\System32\sechost.dll
0x00007ff849f20000 - 0x00007ff84a037000 	C:\Windows\System32\RPCRT4.dll
0x00007ff84a2f0000 - 0x00007ff84a49e000 	C:\Windows\System32\USER32.dll
0x00007ff82fb40000 - 0x00007ff82fdd3000 	C:\Windows\WinSxS\amd64_microsoft.windows.common-controls_6595b64144ccf1df_6.0.22621.2506_none_270c5ae97388e100\COMCTL32.dll
0x00007ff849ef0000 - 0x00007ff849f16000 	C:\Windows\System32\win32u.dll
0x00007ff84bfe0000 - 0x00007ff84c009000 	C:\Windows\System32\GDI32.dll
0x00007ff849dd0000 - 0x00007ff849ee9000 	C:\Windows\System32\gdi32full.dll
0x00007ff849680000 - 0x00007ff84971a000 	C:\Windows\System32\msvcp_win.dll
0x00007ff848190000 - 0x00007ff84819a000 	C:\Windows\SYSTEM32\VERSION.dll
0x00007ff84a4a0000 - 0x00007ff84a4d1000 	C:\Windows\System32\IMM32.DLL
0x00007ff844090000 - 0x00007ff84409c000 	C:\Program Files\Java\jdk-21\bin\vcruntime140_1.dll
0x00007ff82d0d0000 - 0x00007ff82d15e000 	C:\Program Files\Java\jdk-21\bin\msvcp140.dll
0x00007fffad090000 - 0x00007fffadda8000 	C:\Program Files\Java\jdk-21\bin\server\jvm.dll
0x00007ff84ba10000 - 0x00007ff84ba81000 	C:\Windows\System32\WS2_32.dll
0x00007ff848390000 - 0x00007ff8483dd000 	C:\Windows\SYSTEM32\POWRPROF.dll
0x00007ff840fd0000 - 0x00007ff841004000 	C:\Windows\SYSTEM32\WINMM.dll
0x00007ff848370000 - 0x00007ff848383000 	C:\Windows\SYSTEM32\UMPDC.dll
0x00007ff848590000 - 0x00007ff8485a8000 	C:\Windows\SYSTEM32\kernel.appcore.dll
0x00007ff842f50000 - 0x00007ff842f5a000 	C:\Program Files\Java\jdk-21\bin\jimage.dll
0x00007ff846ab0000 - 0x00007ff846ce3000 	C:\Windows\SYSTEM32\DBGHELP.DLL
0x00007ff84bc50000 - 0x00007ff84bfd9000 	C:\Windows\System32\combase.dll
0x00007ff84c010000 - 0x00007ff84c0e7000 	C:\Windows\System32\OLEAUT32.dll
0x00007ff83eda0000 - 0x00007ff83edd2000 	C:\Windows\SYSTEM32\dbgcore.DLL
0x00007ff849540000 - 0x00007ff8495ba000 	C:\Windows\System32\bcryptPrimitives.dll
0x00007ff82fe10000 - 0x00007ff82fe2f000 	C:\Program Files\Java\jdk-21\bin\java.dll
0x00007ff84ae00000 - 0x00007ff84b659000 	C:\Windows\System32\SHELL32.dll
0x00007ff8471c0000 - 0x00007ff847ab4000 	C:\Windows\SYSTEM32\windows.storage.dll
0x00007ff847080000 - 0x00007ff8471be000 	C:\Windows\SYSTEM32\wintypes.dll
0x00007ff84b6e0000 - 0x00007ff84b7d3000 	C:\Windows\System32\SHCORE.dll
0x00007ff84c100000 - 0x00007ff84c15e000 	C:\Windows\System32\shlwapi.dll
0x00007ff849470000 - 0x00007ff849496000 	C:\Windows\SYSTEM32\profapi.dll
0x00007ffffaef0000 - 0x00007ffffafc7000 	C:\Program Files\Java\jdk-21\bin\jsvml.dll
0x00007ff830cd0000 - 0x00007ff830ce0000 	C:\Program Files\Java\jdk-21\bin\net.dll
0x00007ff842a50000 - 0x00007ff842b87000 	C:\Windows\SYSTEM32\WINHTTP.dll
0x00007ff848ab0000 - 0x00007ff848b19000 	C:\Windows\system32\mswsock.dll
0x00007ff82e7f0000 - 0x00007ff82e806000 	C:\Program Files\Java\jdk-21\bin\nio.dll
0x00007ff82f740000 - 0x00007ff82f758000 	C:\Program Files\Java\jdk-21\bin\zip.dll
0x00007ff82f730000 - 0x00007ff82f740000 	C:\Program Files\Java\jdk-21\bin\verify.dll
0x00007ff848d00000 - 0x00007ff848d1b000 	C:\Windows\SYSTEM32\CRYPTSP.dll
0x00007ff8485b0000 - 0x00007ff8485e5000 	C:\Windows\system32\rsaenh.dll
0x00007ff848ba0000 - 0x00007ff848bcc000 	C:\Windows\SYSTEM32\USERENV.dll
0x00007ff848ed0000 - 0x00007ff848ef8000 	C:\Windows\SYSTEM32\bcrypt.dll
0x00007ff848d20000 - 0x00007ff848d2c000 	C:\Windows\SYSTEM32\CRYPTBASE.dll
0x00007ff847d80000 - 0x00007ff847dad000 	C:\Windows\SYSTEM32\IPHLPAPI.DLL
0x00007ff84adb0000 - 0x00007ff84adb9000 	C:\Windows\System32\NSI.dll
0x00007fffa9d50000 - 0x00007fffab625000 	C:\Users\derhe\AppData\Local\Temp\ortools-java12711326684053932669\ortools-win32-x86-64\jniortools.dll

dbghelp: loaded successfully - version: 4.0.5 - missing functions: none
symbol engine: initialized successfully - sym options: 0x614 - pdb path: .;C:\Program Files\Java\jdk-21\bin;C:\Windows\SYSTEM32;C:\Windows\WinSxS\amd64_microsoft.windows.common-controls_6595b64144ccf1df_6.0.22621.2506_none_270c5ae97388e100;C:\Program Files\Java\jdk-21\bin\server;C:\Users\derhe\AppData\Local\Temp\ortools-java12711326684053932669\ortools-win32-x86-64

VM Arguments:
jvm_args: -Dfile.encoding=UTF-8 -Duser.country=CN -Duser.language=zh -Duser.variant 
java_command: p4_group_8_repo.Main
java_class_path (initial): C:\Users\derhe\Desktop\desktop\or_test\grp_java_test\build\classes\java\main;C:\Users\derhe\Desktop\desktop\or_test\grp_java_test\build\resources\main;C:\Users\derhe\.gradle\caches\modules-2\files-2.1\com.google.ortools\ortools-java\9.11.4210\59f95f6fce77688c6540d2f01c65158ac657dd9\ortools-java-9.11.4210.jar;C:\Users\derhe\.gradle\caches\modules-2\files-2.1\org.apache.commons\commons-math3\3.6.1\e4ba98f1d4b3c80ec46392f25e094a6a2e58fcbf\commons-math3-3.6.1.jar;C:\Users\derhe\.gradle\caches\modules-2\files-2.1\com.google.ortools\ortools-linux-x86-64\9.11.4210\41b905f2d9435a1347d9f2aabc634605211e950b\ortools-linux-x86-64-9.11.4210.jar;C:\Users\derhe\.gradle\caches\modules-2\files-2.1\com.google.ortools\ortools-darwin-x86-64\9.11.4210\f06ab630d6226d8877285ac966b52bfd947c3ccb\ortools-darwin-x86-64-9.11.4210.jar;C:\Users\derhe\.gradle\caches\modules-2\files-2.1\com.google.ortools\ortools-win32-x86-64\9.11.4210\ec43c8f28be4589b784046862b0c48e3bf732ad9\ortools-win32-x86-64-9.11.4210.jar;C:\Users\derhe\.gradle\caches\modules-2\files-2.1\com.google.ortools\ortools-linux-aarch64\9.11.4210\ae3bb46a76ec352667a2b0c9ad28def8f85c51e1\ortools-linux-aarch64-9.11.4210.jar;C:\Users\derhe\.gradle\caches\modules-2\files-2.1\com.google.ortools\ortools-darwin-aarch64\9.11.4210\4845d3691ead26dfe0d92262ad10bf4f099baff4\ortools-darwin-aarch64-9.11.4210.jar;C:\Users\derhe\.gradle\caches\modules-2\files-2.1\net.java.dev.jna\jna-platform\5.14.0\28934d48aed814f11e4c584da55c49fa7032b31b\jna-platform-5.14.0.jar;C:\Users\derhe\.gradle\caches\modules-2\files-2.1\com.google.protobuf\protobuf-java\4.26.1\594fabdcbceb7edfb883fe621d3e97d9cc05fa73\protobuf-java-4.26.1.jar;C:\Users\derhe\.gradle\caches\modules-2\files-2.1\net.java.dev.jna\jna\5.14.0\67bf3eaea4f0718cb376a181a629e5f88fa1c9dd\jna-5.14.0.jar
Launcher Type: SUN_STANDARD

[Global flags]
     intx CICompilerCount                          = 15                                        {product} {ergonomic}
     uint ConcGCThreads                            = 6                                         {product} {ergonomic}
     uint G1ConcRefinementThreads                  = 23                                        {product} {ergonomic}
   size_t G1HeapRegionSize                         = 4194304                                   {product} {ergonomic}
    uintx GCDrainStackTargetSize                   = 64                                        {product} {ergonomic}
   size_t InitialHeapSize                          = 532676608                                 {product} {ergonomic}
   size_t MarkStackSize                            = 4194304                                   {product} {ergonomic}
   size_t MaxHeapSize                              = 8489271296                                {product} {ergonomic}
   size_t MaxNewSize                               = 5091885056                                {product} {ergonomic}
   size_t MinHeapDeltaBytes                        = 4194304                                   {product} {ergonomic}
   size_t MinHeapSize                              = 8388608                                   {product} {ergonomic}
    uintx NonNMethodCodeHeapSize                   = 8192380                                {pd product} {ergonomic}
    uintx NonProfiledCodeHeapSize                  = 121732930                              {pd product} {ergonomic}
    uintx ProfiledCodeHeapSize                     = 121732930                              {pd product} {ergonomic}
    uintx ReservedCodeCacheSize                    = 251658240                              {pd product} {ergonomic}
     bool SegmentedCodeCache                       = true                                      {product} {ergonomic}
   size_t SoftMaxHeapSize                          = 8489271296                             {manageable} {ergonomic}
     bool UseCompressedOops                        = true                           {product lp64_product} {ergonomic}
     bool UseG1GC                                  = true                                      {product} {ergonomic}
     bool UseLargePagesIndividualAllocation        = false                                  {pd product} {ergonomic}

Logging:
Log output configuration:
 #0: stdout all=warning uptime,level,tags foldmultilines=false
 #1: stderr all=off uptime,level,tags foldmultilines=false

Environment Variables:
JAVA_HOME=C:\Program Files\Java\jdk-21
PATH=C:\Program Files\Common Files\Oracle\Java\javapath;C:\Program Files (x86)\VMware\VMware Workstation\bin\;C:\Windows\system32;C:\Windows;C:\Windows\System32\Wbem;C:\Windows\System32\WindowsPowerShell\v1.0\;C:\Windows\System32\OpenSSH\;C:\Program Files (x86)\NVIDIA Corporation\PhysX\Common;C:\Program Files\NVIDIA Corporation\NVIDIA NvDLISR;C:\Program Files\dotnet\;C:\Program Files\Java\jdk-21\bin;C:\Program Files\PuTTY\;C:\Program Files\Git\cmd;C:\Program Files\Microsoft SQL Server\150\Tools\Binn\;C:\Program Files\Microsoft SQL Server\Client SDK\ODBC\170\Tools\Binn\;C:\Program Files (x86)\Windows Kits\10\Windows Performance Toolkit\;C:\Users\derhe\apache-maven-3.9.9\bin;C:\Users\derhe\.elan\bin;C:\Users\derhe\AppData\Local\Programs\Python\Python312\Scripts\;C:\Users\derhe\AppData\Local\Programs\Python\Python312\;C:\Users\derhe\AppData\Local\Microsoft\WindowsApps;C:\Users\derhe\AppData\Local\Programs\Microsoft VS Code\bin;C:\Program Files\JetBrains\IntelliJ IDEA 2024.2.4\bin;;C:\MinGW\bin;C:\Users\derhe\.dotnet\tools;C:\Program Files\JetBrains\PyCharm 2024.3.1.1\bin;
USERNAME=admin
OS=Windows_NT
PROCESSOR_IDENTIFIER=Intel64 Family 6 Model 183 Stepping 1, GenuineIntel
TMP=C:\Users\derhe\AppData\Local\Temp
TEMP=C:\Users\derhe\AppData\Local\Temp




Periodic native trim disabled

---------------  S Y S T E M  ---------------

OS:
 Windows 11 , 64 bit Build 22621 (10.0.22621.2506)
OS uptime: 2 days 0:00 hours

CPU: total 32 (initial active 32) (16 cores per cpu, 2 threads per core) family 6 model 183 stepping 1 microcode 0x11d, cx8, cmov, fxsr, ht, mmx, 3dnowpref, sse, sse2, sse3, ssse3, sse4.1, sse4.2, popcnt, lzcnt, tsc, tscinvbit, avx, avx2, aes, erms, clmul, bmi1, bmi2, adx, sha, fma, vzeroupper, clflush, clflushopt, clwb, serialize, rdtscp, rdpid, fsrm, f16c, pku, cet_ibt, cet_ss
Processor Information for processor 0
  Max Mhz: 2200, Current Mhz: 2200, Mhz Limit: 2200
Processor Information for processor 1
  Max Mhz: 2200, Current Mhz: 2200, Mhz Limit: 2200
Processor Information for processor 2
  Max Mhz: 2200, Current Mhz: 2200, Mhz Limit: 2200
Processor Information for processor 3
  Max Mhz: 2200, Current Mhz: 2200, Mhz Limit: 2200
Processor Information for processor 4
  Max Mhz: 2200, Current Mhz: 2200, Mhz Limit: 2200
Processor Information for processor 5
  Max Mhz: 2200, Current Mhz: 2200, Mhz Limit: 2200
Processor Information for processor 6
  Max Mhz: 2200, Current Mhz: 2200, Mhz Limit: 2200
Processor Information for processor 7
  Max Mhz: 2200, Current Mhz: 2200, Mhz Limit: 2200
Processor Information for processor 8
  Max Mhz: 2200, Current Mhz: 2200, Mhz Limit: 2200
Processor Information for processor 9
  Max Mhz: 2200, Current Mhz: 2200, Mhz Limit: 2200
Processor Information for processor 10
  Max Mhz: 2200, Current Mhz: 2200, Mhz Limit: 2200
Processor Information for processor 11
  Max Mhz: 2200, Current Mhz: 2200, Mhz Limit: 2200
Processor Information for processor 12
  Max Mhz: 2200, Current Mhz: 2200, Mhz Limit: 2200
Processor Information for processor 13
  Max Mhz: 2200, Current Mhz: 2200, Mhz Limit: 2200
Processor Information for processor 14
  Max Mhz: 2200, Current Mhz: 2200, Mhz Limit: 2200
Processor Information for processor 15
  Max Mhz: 2200, Current Mhz: 1466, Mhz Limit: 2200
Processor Information for processor 16
  Max Mhz: 2200, Current Mhz: 1600, Mhz Limit: 1584
Processor Information for processor 17
  Max Mhz: 2200, Current Mhz: 1600, Mhz Limit: 1584
Processor Information for processor 18
  Max Mhz: 2200, Current Mhz: 1600, Mhz Limit: 1584
Processor Information for processor 19
  Max Mhz: 2200, Current Mhz: 1600, Mhz Limit: 1584
Processor Information for processor 20
  Max Mhz: 2200, Current Mhz: 1600, Mhz Limit: 1584
Processor Information for processor 21
  Max Mhz: 2200, Current Mhz: 1600, Mhz Limit: 1584
Processor Information for processor 22
  Max Mhz: 2200, Current Mhz: 1600, Mhz Limit: 1584
Processor Information for processor 23
  Max Mhz: 2200, Current Mhz: 1500, Mhz Limit: 1584
Processor Information for processor 24
  Max Mhz: 2200, Current Mhz: 1600, Mhz Limit: 1584
Processor Information for processor 25
  Max Mhz: 2200, Current Mhz: 1600, Mhz Limit: 1584
Processor Information for processor 26
  Max Mhz: 2200, Current Mhz: 1600, Mhz Limit: 1584
Processor Information for processor 27
  Max Mhz: 2200, Current Mhz: 1500, Mhz Limit: 1584
Processor Information for processor 28
  Max Mhz: 2200, Current Mhz: 1600, Mhz Limit: 1584
Processor Information for processor 29
  Max Mhz: 2200, Current Mhz: 1500, Mhz Limit: 1584
Processor Information for processor 30
  Max Mhz: 2200, Current Mhz: 1500, Mhz Limit: 1584
Processor Information for processor 31
  Max Mhz: 2200, Current Mhz: 1600, Mhz Limit: 1584

Memory: 4k page, system-wide physical 32378M (16288M free)
TotalPageFile size 34426M (AvailPageFile size 11963M)
current process WorkingSet (physical memory assigned to process): 55M, peak: 55M
current process commit charge ("private bytes"): 639M, peak: 639M

vm_info: Java HotSpot(TM) 64-Bit Server VM (21.0.5+9-LTS-239) for windows-amd64 JRE (21.0.5+9-LTS-239), built on 2024-09-30T05:17:38Z by "mach5one" with MS VC++ 17.6 (VS2022)

END.
